This is pdfTeX, Version 3.14159265-2.6-1.40.18 (MiKTeX 2.9.6600 64-bit) (preloaded format=pdflatex 2018.3.13)  24 APR 2018 16:25
entering extended mode
**./main.tex
(main.tex
LaTeX2e <2017-04-15>
Babel <3.17> and hyphenation patterns for 75 language(s) loaded.
("C:\Users\USUARIO\AppData\Local\Programs\MiKTeX 2.9\tex\latex\base\book.cls"
Document Class: book 2014/09/29 v1.4h Standard LaTeX document class
("C:\Users\USUARIO\AppData\Local\Programs\MiKTeX 2.9\tex\latex\base\bk12.clo"
File: bk12.clo 2014/09/29 v1.4h Standard LaTeX file (size option)
)
\c@part=\count79
\c@chapter=\count80
\c@section=\count81
\c@subsection=\count82
\c@subsubsection=\count83
\c@paragraph=\count84
\c@subparagraph=\count85
\c@figure=\count86
\c@table=\count87
\abovecaptionskip=\skip41
\belowcaptionskip=\skip42
\bibindent=\dimen102
)
("C:\Users\USUARIO\AppData\Local\Programs\MiKTeX 2.9\tex\latex\base\inputenc.st
y"
Package: inputenc 2015/03/17 v1.2c Input encoding file
\inpenc@prehook=\toks14
\inpenc@posthook=\toks15
 ("C:\Users\USUARIO\AppData\Local\Programs\MiKTeX 2.9\tex\latex\base\utf8.def"
File: utf8.def 2017/01/28 v1.1t UTF-8 support for inputenc
Now handling font encoding OML ...
... no UTF-8 mapping file for font encoding OML
Now handling font encoding T1 ...
... processing UTF-8 mapping file for font encoding T1
 ("C:\Users\USUARIO\AppData\Local\Programs\MiKTeX 2.9\tex\latex\base\t1enc.dfu"
File: t1enc.dfu 2017/01/28 v1.1t UTF-8 support for inputenc
   defining Unicode char U+00A0 (decimal 160)
   defining Unicode char U+00A1 (decimal 161)
   defining Unicode char U+00A3 (decimal 163)
   defining Unicode char U+00AB (decimal 171)
   defining Unicode char U+00AD (decimal 173)
   defining Unicode char U+00BB (decimal 187)
   defining Unicode char U+00BF (decimal 191)
   defining Unicode char U+00C0 (decimal 192)
   defining Unicode char U+00C1 (decimal 193)
   defining Unicode char U+00C2 (decimal 194)
   defining Unicode char U+00C3 (decimal 195)
   defining Unicode char U+00C4 (decimal 196)
   defining Unicode char U+00C5 (decimal 197)
   defining Unicode char U+00C6 (decimal 198)
   defining Unicode char U+00C7 (decimal 199)
   defining Unicode char U+00C8 (decimal 200)
   defining Unicode char U+00C9 (decimal 201)
   defining Unicode char U+00CA (decimal 202)
   defining Unicode char U+00CB (decimal 203)
   defining Unicode char U+00CC (decimal 204)
   defining Unicode char U+00CD (decimal 205)
   defining Unicode char U+00CE (decimal 206)
   defining Unicode char U+00CF (decimal 207)
   defining Unicode char U+00D0 (decimal 208)
   defining Unicode char U+00D1 (decimal 209)
   defining Unicode char U+00D2 (decimal 210)
   defining Unicode char U+00D3 (decimal 211)
   defining Unicode char U+00D4 (decimal 212)
   defining Unicode char U+00D5 (decimal 213)
   defining Unicode char U+00D6 (decimal 214)
   defining Unicode char U+00D8 (decimal 216)
   defining Unicode char U+00D9 (decimal 217)
   defining Unicode char U+00DA (decimal 218)
   defining Unicode char U+00DB (decimal 219)
   defining Unicode char U+00DC (decimal 220)
   defining Unicode char U+00DD (decimal 221)
   defining Unicode char U+00DE (decimal 222)
   defining Unicode char U+00DF (decimal 223)
   defining Unicode char U+00E0 (decimal 224)
   defining Unicode char U+00E1 (decimal 225)
   defining Unicode char U+00E2 (decimal 226)
   defining Unicode char U+00E3 (decimal 227)
   defining Unicode char U+00E4 (decimal 228)
   defining Unicode char U+00E5 (decimal 229)
   defining Unicode char U+00E6 (decimal 230)
   defining Unicode char U+00E7 (decimal 231)
   defining Unicode char U+00E8 (decimal 232)
   defining Unicode char U+00E9 (decimal 233)
   defining Unicode char U+00EA (decimal 234)
   defining Unicode char U+00EB (decimal 235)
   defining Unicode char U+00EC (decimal 236)
   defining Unicode char U+00ED (decimal 237)
   defining Unicode char U+00EE (decimal 238)
   defining Unicode char U+00EF (decimal 239)
   defining Unicode char U+00F0 (decimal 240)
   defining Unicode char U+00F1 (decimal 241)
   defining Unicode char U+00F2 (decimal 242)
   defining Unicode char U+00F3 (decimal 243)
   defining Unicode char U+00F4 (decimal 244)
   defining Unicode char U+00F5 (decimal 245)
   defining Unicode char U+00F6 (decimal 246)
   defining Unicode char U+00F8 (decimal 248)
   defining Unicode char U+00F9 (decimal 249)
   defining Unicode char U+00FA (decimal 250)
   defining Unicode char U+00FB (decimal 251)
   defining Unicode char U+00FC (decimal 252)
   defining Unicode char U+00FD (decimal 253)
   defining Unicode char U+00FE (decimal 254)
   defining Unicode char U+00FF (decimal 255)
   defining Unicode char U+0100 (decimal 256)
   defining Unicode char U+0101 (decimal 257)
   defining Unicode char U+0102 (decimal 258)
   defining Unicode char U+0103 (decimal 259)
   defining Unicode char U+0104 (decimal 260)
   defining Unicode char U+0105 (decimal 261)
   defining Unicode char U+0106 (decimal 262)
   defining Unicode char U+0107 (decimal 263)
   defining Unicode char U+0108 (decimal 264)
   defining Unicode char U+0109 (decimal 265)
   defining Unicode char U+010A (decimal 266)
   defining Unicode char U+010B (decimal 267)
   defining Unicode char U+010C (decimal 268)
   defining Unicode char U+010D (decimal 269)
   defining Unicode char U+010E (decimal 270)
   defining Unicode char U+010F (decimal 271)
   defining Unicode char U+0110 (decimal 272)
   defining Unicode char U+0111 (decimal 273)
   defining Unicode char U+0112 (decimal 274)
   defining Unicode char U+0113 (decimal 275)
   defining Unicode char U+0114 (decimal 276)
   defining Unicode char U+0115 (decimal 277)
   defining Unicode char U+0116 (decimal 278)
   defining Unicode char U+0117 (decimal 279)
   defining Unicode char U+0118 (decimal 280)
   defining Unicode char U+0119 (decimal 281)
   defining Unicode char U+011A (decimal 282)
   defining Unicode char U+011B (decimal 283)
   defining Unicode char U+011C (decimal 284)
   defining Unicode char U+011D (decimal 285)
   defining Unicode char U+011E (decimal 286)
   defining Unicode char U+011F (decimal 287)
   defining Unicode char U+0120 (decimal 288)
   defining Unicode char U+0121 (decimal 289)
   defining Unicode char U+0122 (decimal 290)
   defining Unicode char U+0123 (decimal 291)
   defining Unicode char U+0124 (decimal 292)
   defining Unicode char U+0125 (decimal 293)
   defining Unicode char U+0128 (decimal 296)
   defining Unicode char U+0129 (decimal 297)
   defining Unicode char U+012A (decimal 298)
   defining Unicode char U+012B (decimal 299)
   defining Unicode char U+012C (decimal 300)
   defining Unicode char U+012D (decimal 301)
   defining Unicode char U+012E (decimal 302)
   defining Unicode char U+012F (decimal 303)
   defining Unicode char U+0130 (decimal 304)
   defining Unicode char U+0131 (decimal 305)
   defining Unicode char U+0132 (decimal 306)
   defining Unicode char U+0133 (decimal 307)
   defining Unicode char U+0134 (decimal 308)
   defining Unicode char U+0135 (decimal 309)
   defining Unicode char U+0136 (decimal 310)
   defining Unicode char U+0137 (decimal 311)
   defining Unicode char U+0139 (decimal 313)
   defining Unicode char U+013A (decimal 314)
   defining Unicode char U+013B (decimal 315)
   defining Unicode char U+013C (decimal 316)
   defining Unicode char U+013D (decimal 317)
   defining Unicode char U+013E (decimal 318)
   defining Unicode char U+0141 (decimal 321)
   defining Unicode char U+0142 (decimal 322)
   defining Unicode char U+0143 (decimal 323)
   defining Unicode char U+0144 (decimal 324)
   defining Unicode char U+0145 (decimal 325)
   defining Unicode char U+0146 (decimal 326)
   defining Unicode char U+0147 (decimal 327)
   defining Unicode char U+0148 (decimal 328)
   defining Unicode char U+014A (decimal 330)
   defining Unicode char U+014B (decimal 331)
   defining Unicode char U+014C (decimal 332)
   defining Unicode char U+014D (decimal 333)
   defining Unicode char U+014E (decimal 334)
   defining Unicode char U+014F (decimal 335)
   defining Unicode char U+0150 (decimal 336)
   defining Unicode char U+0151 (decimal 337)
   defining Unicode char U+0152 (decimal 338)
   defining Unicode char U+0153 (decimal 339)
   defining Unicode char U+0154 (decimal 340)
   defining Unicode char U+0155 (decimal 341)
   defining Unicode char U+0156 (decimal 342)
   defining Unicode char U+0157 (decimal 343)
   defining Unicode char U+0158 (decimal 344)
   defining Unicode char U+0159 (decimal 345)
   defining Unicode char U+015A (decimal 346)
   defining Unicode char U+015B (decimal 347)
   defining Unicode char U+015C (decimal 348)
   defining Unicode char U+015D (decimal 349)
   defining Unicode char U+015E (decimal 350)
   defining Unicode char U+015F (decimal 351)
   defining Unicode char U+0160 (decimal 352)
   defining Unicode char U+0161 (decimal 353)
   defining Unicode char U+0162 (decimal 354)
   defining Unicode char U+0163 (decimal 355)
   defining Unicode char U+0164 (decimal 356)
   defining Unicode char U+0165 (decimal 357)
   defining Unicode char U+0168 (decimal 360)
   defining Unicode char U+0169 (decimal 361)
   defining Unicode char U+016A (decimal 362)
   defining Unicode char U+016B (decimal 363)
   defining Unicode char U+016C (decimal 364)
   defining Unicode char U+016D (decimal 365)
   defining Unicode char U+016E (decimal 366)
   defining Unicode char U+016F (decimal 367)
   defining Unicode char U+0170 (decimal 368)
   defining Unicode char U+0171 (decimal 369)
   defining Unicode char U+0172 (decimal 370)
   defining Unicode char U+0173 (decimal 371)
   defining Unicode char U+0174 (decimal 372)
   defining Unicode char U+0175 (decimal 373)
   defining Unicode char U+0176 (decimal 374)
   defining Unicode char U+0177 (decimal 375)
   defining Unicode char U+0178 (decimal 376)
   defining Unicode char U+0179 (decimal 377)
   defining Unicode char U+017A (decimal 378)
   defining Unicode char U+017B (decimal 379)
   defining Unicode char U+017C (decimal 380)
   defining Unicode char U+017D (decimal 381)
   defining Unicode char U+017E (decimal 382)
   defining Unicode char U+01CD (decimal 461)
   defining Unicode char U+01CE (decimal 462)
   defining Unicode char U+01CF (decimal 463)
   defining Unicode char U+01D0 (decimal 464)
   defining Unicode char U+01D1 (decimal 465)
   defining Unicode char U+01D2 (decimal 466)
   defining Unicode char U+01D3 (decimal 467)
   defining Unicode char U+01D4 (decimal 468)
   defining Unicode char U+01E2 (decimal 482)
   defining Unicode char U+01E3 (decimal 483)
   defining Unicode char U+01E6 (decimal 486)
   defining Unicode char U+01E7 (decimal 487)
   defining Unicode char U+01E8 (decimal 488)
   defining Unicode char U+01E9 (decimal 489)
   defining Unicode char U+01EA (decimal 490)
   defining Unicode char U+01EB (decimal 491)
   defining Unicode char U+01F0 (decimal 496)
   defining Unicode char U+01F4 (decimal 500)
   defining Unicode char U+01F5 (decimal 501)
   defining Unicode char U+0218 (decimal 536)
   defining Unicode char U+0219 (decimal 537)
   defining Unicode char U+021A (decimal 538)
   defining Unicode char U+021B (decimal 539)
   defining Unicode char U+0232 (decimal 562)
   defining Unicode char U+0233 (decimal 563)
   defining Unicode char U+1E02 (decimal 7682)
   defining Unicode char U+1E03 (decimal 7683)
   defining Unicode char U+200C (decimal 8204)
   defining Unicode char U+2010 (decimal 8208)
   defining Unicode char U+2011 (decimal 8209)
   defining Unicode char U+2012 (decimal 8210)
   defining Unicode char U+2013 (decimal 8211)
   defining Unicode char U+2014 (decimal 8212)
   defining Unicode char U+2015 (decimal 8213)
   defining Unicode char U+2018 (decimal 8216)
   defining Unicode char U+2019 (decimal 8217)
   defining Unicode char U+201A (decimal 8218)
   defining Unicode char U+201C (decimal 8220)
   defining Unicode char U+201D (decimal 8221)
   defining Unicode char U+201E (decimal 8222)
   defining Unicode char U+2030 (decimal 8240)
   defining Unicode char U+2031 (decimal 8241)
   defining Unicode char U+2039 (decimal 8249)
   defining Unicode char U+203A (decimal 8250)
   defining Unicode char U+2423 (decimal 9251)
   defining Unicode char U+1E20 (decimal 7712)
   defining Unicode char U+1E21 (decimal 7713)
)
Now handling font encoding OT1 ...
... processing UTF-8 mapping file for font encoding OT1

("C:\Users\USUARIO\AppData\Local\Programs\MiKTeX 2.9\tex\latex\base\ot1enc.dfu"
File: ot1enc.dfu 2017/01/28 v1.1t UTF-8 support for inputenc
   defining Unicode char U+00A0 (decimal 160)
   defining Unicode char U+00A1 (decimal 161)
   defining Unicode char U+00A3 (decimal 163)
   defining Unicode char U+00AD (decimal 173)
   defining Unicode char U+00B8 (decimal 184)
   defining Unicode char U+00BF (decimal 191)
   defining Unicode char U+00C5 (decimal 197)
   defining Unicode char U+00C6 (decimal 198)
   defining Unicode char U+00D8 (decimal 216)
   defining Unicode char U+00DF (decimal 223)
   defining Unicode char U+00E6 (decimal 230)
   defining Unicode char U+00EC (decimal 236)
   defining Unicode char U+00ED (decimal 237)
   defining Unicode char U+00EE (decimal 238)
   defining Unicode char U+00EF (decimal 239)
   defining Unicode char U+00F8 (decimal 248)
   defining Unicode char U+0131 (decimal 305)
   defining Unicode char U+0141 (decimal 321)
   defining Unicode char U+0142 (decimal 322)
   defining Unicode char U+0152 (decimal 338)
   defining Unicode char U+0153 (decimal 339)
   defining Unicode char U+0174 (decimal 372)
   defining Unicode char U+0175 (decimal 373)
   defining Unicode char U+0176 (decimal 374)
   defining Unicode char U+0177 (decimal 375)
   defining Unicode char U+0218 (decimal 536)
   defining Unicode char U+0219 (decimal 537)
   defining Unicode char U+021A (decimal 538)
   defining Unicode char U+021B (decimal 539)
   defining Unicode char U+2013 (decimal 8211)
   defining Unicode char U+2014 (decimal 8212)
   defining Unicode char U+2018 (decimal 8216)
   defining Unicode char U+2019 (decimal 8217)
   defining Unicode char U+201C (decimal 8220)
   defining Unicode char U+201D (decimal 8221)
)
Now handling font encoding OMS ...
... processing UTF-8 mapping file for font encoding OMS
 ("C:\Users\USUARIO\AppData\Local\Programs\MiKTeX 2.9\tex\latex\base\omsenc.dfu
"
File: omsenc.dfu 2017/01/28 v1.1t UTF-8 support for inputenc
   defining Unicode char U+00A7 (decimal 167)
   defining Unicode char U+00B6 (decimal 182)
   defining Unicode char U+00B7 (decimal 183)
   defining Unicode char U+2020 (decimal 8224)
   defining Unicode char U+2021 (decimal 8225)
   defining Unicode char U+2022 (decimal 8226)
)
Now handling font encoding OMX ...
... no UTF-8 mapping file for font encoding OMX
Now handling font encoding U ...
... no UTF-8 mapping file for font encoding U
   defining Unicode char U+00A9 (decimal 169)
   defining Unicode char U+00AA (decimal 170)
   defining Unicode char U+00AE (decimal 174)
   defining Unicode char U+00BA (decimal 186)
   defining Unicode char U+02C6 (decimal 710)
   defining Unicode char U+02DC (decimal 732)
   defining Unicode char U+200C (decimal 8204)
   defining Unicode char U+2026 (decimal 8230)
   defining Unicode char U+2122 (decimal 8482)
   defining Unicode char U+2423 (decimal 9251)
))
("C:\Users\USUARIO\AppData\Local\Programs\MiKTeX 2.9\tex\generic\babel\babel.st
y"
Package: babel 2018/01/24 3.17 The Babel package

("C:\Users\USUARIO\AppData\Local\Programs\MiKTeX 2.9\tex\generic\babel\switch.d
ef"
File: switch.def 2018/01/24 3.17 Babel switching mechanism
)
*************************************
* Local config file bblopts.cfg used
*

("C:\Users\USUARIO\AppData\Local\Programs\MiKTeX 2.9\tex\latex\arabi\bblopts.cf
g"
File: bblopts.cfg 2005/09/08 v0.1 add Arabic and Farsi to "declared" options of
 babel
)
("C:\Users\USUARIO\AppData\Local\Programs\MiKTeX 2.9\tex\latex\babel-spanish\sp
anish.ldf"
Language: spanish.ldf 2016/03/03 v5.0p Spanish support from the babel system

("C:\Users\USUARIO\AppData\Local\Programs\MiKTeX 2.9\tex\generic\babel\babel.de
f"
File: babel.def 2018/01/24 3.17 Babel common definitions

("C:\Users\USUARIO\AppData\Local\Programs\MiKTeX 2.9\tex\generic\babel\switch.d
ef"
File: switch.def 2018/01/24 3.17 Babel switching mechanism
)
\babel@savecnt=\count88
\U@D=\dimen103

("C:\Users\USUARIO\AppData\Local\Programs\MiKTeX 2.9\tex\generic\babel\txtbabel
.def")
\bbl@dirlevel=\count89
)
\es@quottoks=\toks16
\es@quotdepth=\count90
Package babel Info: Making " an active character on input line 561.
Package babel Info: Making . an active character on input line 662.
Package babel Info: Making < an active character on input line 707.
Package babel Info: Making > an active character on input line 707.
))
("C:\Users\USUARIO\AppData\Local\Programs\MiKTeX 2.9\tex\latex\graphics\graphic
x.sty"
Package: graphicx 2017/06/01 v1.1a Enhanced LaTeX Graphics (DPC,SPQR)

("C:\Users\USUARIO\AppData\Local\Programs\MiKTeX 2.9\tex\latex\graphics\keyval.
sty"
Package: keyval 2014/10/28 v1.15 key=value parser (DPC)
\KV@toks@=\toks17
)
("C:\Users\USUARIO\AppData\Local\Programs\MiKTeX 2.9\tex\latex\graphics\graphic
s.sty"
Package: graphics 2017/06/25 v1.2c Standard LaTeX Graphics (DPC,SPQR)

("C:\Users\USUARIO\AppData\Local\Programs\MiKTeX 2.9\tex\latex\graphics\trig.st
y"
Package: trig 2016/01/03 v1.10 sin cos tan (DPC)
)
("C:\Users\USUARIO\AppData\Local\Programs\MiKTeX 2.9\tex\latex\graphics-cfg\gra
phics.cfg"
File: graphics.cfg 2016/06/04 v1.11 sample graphics configuration
)
Package graphics Info: Driver file: pdftex.def on input line 99.

("C:\Users\USUARIO\AppData\Local\Programs\MiKTeX 2.9\tex\latex\graphics-def\pdf
tex.def"
File: pdftex.def 2018/01/08 v1.0l Graphics/color driver for pdftex
))
\Gin@req@height=\dimen104
\Gin@req@width=\dimen105
)
("C:\Users\USUARIO\AppData\Local\Programs\MiKTeX 2.9\tex\latex\listings\listing
s.sty"
\lst@mode=\count91
\lst@gtempboxa=\box26
\lst@token=\toks18
\lst@length=\count92
\lst@currlwidth=\dimen106
\lst@column=\count93
\lst@pos=\count94
\lst@lostspace=\dimen107
\lst@width=\dimen108
\lst@newlines=\count95
\lst@lineno=\count96
\lst@maxwidth=\dimen109

("C:\Users\USUARIO\AppData\Local\Programs\MiKTeX 2.9\tex\latex\listings\lstmisc
.sty"
File: lstmisc.sty 2015/06/04 1.6 (Carsten Heinz)
\c@lstnumber=\count97
\lst@skipnumbers=\count98
\lst@framebox=\box27
)
("C:\Users\USUARIO\AppData\Local\Programs\MiKTeX 2.9\tex\latex\listings\listing
s.cfg"
File: listings.cfg 2015/06/04 1.6 listings configuration
))
Package: listings 2015/06/04 1.6 (Carsten Heinz)

("C:\Users\USUARIO\AppData\Local\Programs\MiKTeX 2.9\tex\latex\graphics\color.s
ty"
Package: color 2016/07/10 v1.1e Standard LaTeX Color (DPC)

("C:\Users\USUARIO\AppData\Local\Programs\MiKTeX 2.9\tex\latex\graphics-cfg\col
or.cfg"
File: color.cfg 2016/01/02 v1.6 sample color configuration
)
Package color Info: Driver file: pdftex.def on input line 147.
)
("C:\Users\USUARIO\AppData\Local\Programs\MiKTeX 2.9\tex\latex\cite\cite.sty"
LaTeX Info: Redefining \cite on input line 302.
LaTeX Info: Redefining \nocite on input line 332.
Package: cite 2015/02/27  v 5.5
)
("C:\Users\USUARIO\AppData\Local\Programs\MiKTeX 2.9\tex\latex\url\url.sty"
\Urlmuskip=\muskip10
Package: url 2013/09/16  ver 3.4  Verb mode for urls, etc.
)
("C:\Users\USUARIO\AppData\Local\Programs\MiKTeX 2.9\tex\latex\tools\longtable.
sty"
Package: longtable 2014/10/28 v4.11 Multi-page Table package (DPC)
\LTleft=\skip43
\LTright=\skip44
\LTpre=\skip45
\LTpost=\skip46
\LTchunksize=\count99
\LTcapwidth=\dimen110
\LT@head=\box28
\LT@firsthead=\box29
\LT@foot=\box30
\LT@lastfoot=\box31
\LT@cols=\count100
\LT@rows=\count101
\c@LT@tables=\count102
\c@LT@chunks=\count103
\LT@p@ftn=\toks19
)
("C:\Users\USUARIO\AppData\Local\Programs\MiKTeX 2.9\tex\latex\multirow\multiro
w.sty"
Package: multirow 2016/11/25 v2.2 Span multiple rows of a table
\multirow@colwidth=\skip47
\multirow@cntb=\count104
\multirow@dima=\skip48
\bigstrutjot=\dimen111
)

LaTeX Warning: Unused global option(s):
    [letter].

(main.aux
LaTeX Info: Redefining \. on input line 6.
LaTeX Info: Redefining \% on input line 6.
 (contexto/proyecto/introduccion.aux) (contexto/proyecto/proyecto.aux) (arquite
ctura/organizacion/organizacion.aux)
(arquitectura/adm_lenguaje/adm_lenguaje.aux

LaTeX Warning: Label `my-label' multiply defined.


LaTeX Warning: Label `my-label' multiply defined.


LaTeX Warning: Label `my-label' multiply defined.


LaTeX Warning: Label `my-label' multiply defined.


LaTeX Warning: Label `my-label' multiply defined.


LaTeX Warning: Label `my-label' multiply defined.

) (arquitectura/negocio/negocio.aux) (arquitectura/aplicacion/aplicacion.aux)
(arquitectura/tecnologia/tecnologia.aux)
(arquitectura/motivavion/motivacion.aux) (arquitectura/migracion/migracion.aux)
(arquitectura/diseno/gof.aux) (desarrollo/recoleccion/recoleccion.aux)
(desarrollo/analisis/analisis.aux) (desarrollo/resultados/resultados.aux)
(reflexiones/conclusiones.aux) (reflexiones/anexos.aux))
\openout1 = `main.aux'.

LaTeX Font Info:    Checking defaults for OML/cmm/m/it on input line 14.
LaTeX Font Info:    ... okay on input line 14.
LaTeX Font Info:    Checking defaults for T1/cmr/m/n on input line 14.
LaTeX Font Info:    ... okay on input line 14.
LaTeX Font Info:    Checking defaults for OT1/cmr/m/n on input line 14.
LaTeX Font Info:    ... okay on input line 14.
LaTeX Font Info:    Checking defaults for OMS/cmsy/m/n on input line 14.
LaTeX Font Info:    ... okay on input line 14.
LaTeX Font Info:    Checking defaults for OMX/cmex/m/n on input line 14.
LaTeX Font Info:    ... okay on input line 14.
LaTeX Font Info:    Checking defaults for U/cmr/m/n on input line 14.
LaTeX Font Info:    ... okay on input line 14.
LaTeX Info: Redefining \. on input line 14.
LaTeX Info: Redefining \% on input line 14.

("C:\Users\USUARIO\AppData\Local\Programs\MiKTeX 2.9\tex\context\base\supp-pdf.
mkii"
[Loading MPS to PDF converter (version 2006.09.02).]
\scratchcounter=\count105
\scratchdimen=\dimen112
\scratchbox=\box32
\nofMPsegments=\count106
\nofMParguments=\count107
\everyMPshowfont=\toks20
\MPscratchCnt=\count108
\MPscratchDim=\dimen113
\MPnumerator=\count109
\makeMPintoPDFobject=\count110
\everyMPtoPDFconversion=\toks21
)
("C:\Users\USUARIO\AppData\Local\Programs\MiKTeX 2.9\tex\latex\oberdiek\epstopd
f-base.sty"
Package: epstopdf-base 2016/05/15 v2.6 Base part for package epstopdf

("C:\Users\USUARIO\AppData\Local\Programs\MiKTeX 2.9\tex\generic\oberdiek\infwa
rerr.sty"
Package: infwarerr 2016/05/16 v1.4 Providing info/warning/error messages (HO)
)
("C:\Users\USUARIO\AppData\Local\Programs\MiKTeX 2.9\tex\latex\oberdiek\grfext.
sty"
Package: grfext 2016/05/16 v1.2 Manage graphics extensions (HO)

("C:\Users\USUARIO\AppData\Local\Programs\MiKTeX 2.9\tex\generic\oberdiek\kvdef
inekeys.sty"
Package: kvdefinekeys 2016/05/16 v1.4 Define keys (HO)

("C:\Users\USUARIO\AppData\Local\Programs\MiKTeX 2.9\tex\generic\oberdiek\ltxcm
ds.sty"
Package: ltxcmds 2016/05/16 v1.23 LaTeX kernel commands for general use (HO)
)))
("C:\Users\USUARIO\AppData\Local\Programs\MiKTeX 2.9\tex\latex\oberdiek\kvoptio
ns.sty"
Package: kvoptions 2016/05/16 v3.12 Key value format for package options (HO)

("C:\Users\USUARIO\AppData\Local\Programs\MiKTeX 2.9\tex\generic\oberdiek\kvset
keys.sty"
Package: kvsetkeys 2016/05/16 v1.17 Key value parser (HO)

("C:\Users\USUARIO\AppData\Local\Programs\MiKTeX 2.9\tex\generic\oberdiek\etexc
mds.sty"
Package: etexcmds 2016/05/16 v1.6 Avoid name clashes with e-TeX commands (HO)

("C:\Users\USUARIO\AppData\Local\Programs\MiKTeX 2.9\tex\generic\oberdiek\iflua
tex.sty"
Package: ifluatex 2016/05/16 v1.4 Provides the ifluatex switch (HO)
Package ifluatex Info: LuaTeX not detected.
)
Package etexcmds Info: Could not find \expanded.
(etexcmds)             That can mean that you are not using pdfTeX 1.50 or
(etexcmds)             that some package has redefined \expanded.
(etexcmds)             In the latter case, load this package earlier.
)))
("C:\Users\USUARIO\AppData\Local\Programs\MiKTeX 2.9\tex\generic\oberdiek\pdfte
xcmds.sty"
Package: pdftexcmds 2018/01/21 v0.26 Utility functions of pdfTeX for LuaTeX (HO
)

("C:\Users\USUARIO\AppData\Local\Programs\MiKTeX 2.9\tex\generic\oberdiek\ifpdf
.sty"
Package: ifpdf 2017/03/15 v3.2 Provides the ifpdf switch
)
Package pdftexcmds Info: LuaTeX not detected.
Package pdftexcmds Info: \pdf@primitive is available.
Package pdftexcmds Info: \pdf@ifprimitive is available.
Package pdftexcmds Info: \pdfdraftmode found.
)
Package epstopdf-base Info: Redefining graphics rule for `.eps' on input line 4
38.
Package grfext Info: Graphics extension search list:
(grfext)             [.pdf,.png,.jpg,.mps,.jpeg,.jbig2,.jb2,.PDF,.PNG,.JPG,.JPE
G,.JBIG2,.JB2,.eps]
(grfext)             \AppendGraphicsExtensions on input line 456.
)
\c@lstlisting=\count111
 [1


{C:/Users/USUARIO/AppData/Local/MiKTeX/2.9/pdftex/config/pdftex.map}] [2

] (main.toc
LaTeX Info: Redefining \. on input line 1.
LaTeX Info: Redefining \% on input line 1.
LaTeX Font Info:    External font `cmex10' loaded for size
(Font)              <12> on input line 2.
LaTeX Font Info:    External font `cmex10' loaded for size
(Font)              <8> on input line 2.
LaTeX Font Info:    External font `cmex10' loaded for size
(Font)              <6> on input line 2.
 [1

]
LaTeX Info: Redefining \. on input line 70.
LaTeX Info: Redefining \% on input line 70.
 [2])
\tf@toc=\write3
\openout3 = `main.toc'.

LaTeX Info: Redefining \. on input line 38.
LaTeX Info: Redefining \% on input line 38.
 [3] (main.lot
LaTeX Info: Redefining \. on input line 1.
LaTeX Info: Redefining \% on input line 1.
)
\tf@lot=\write4
\openout4 = `main.lot'.

 [4

] (main.lof
LaTeX Info: Redefining \. on input line 1.
LaTeX Info: Redefining \% on input line 1.
)
\tf@lof=\write5
\openout5 = `main.lof'.

 [5

]
LaTeX Info: Redefining \. on input line 42.
LaTeX Info: Redefining \% on input line 42.
 [6

]
\openout2 = `contexto/proyecto/introduccion.aux'.


(contexto/proyecto/introduccion.tex
LaTeX Info: Redefining \. on input line 15.
LaTeX Info: Redefining \% on input line 15.
 [1

]) [2


]
\openout2 = `contexto/proyecto/proyecto.aux'.

 (contexto/proyecto/proyecto.tex
Cap\'{\i }tulo 1.
[3


]
LaTeX Info: Redefining \. on input line 29.
LaTeX Info: Redefining \% on input line 29.
 [4]
LaTeX Info: Redefining \. on input line 50.
LaTeX Info: Redefining \% on input line 50.
 [5]
Underfull \vbox (badness 10000) has occurred while \output is active []

LaTeX Info: Redefining \. on input line 65.
LaTeX Info: Redefining \% on input line 65.
 [6]
LaTeX Info: Redefining \. on input line 66.
LaTeX Info: Redefining \% on input line 66.

[7]
LaTeX Info: Redefining \. on input line 91.
LaTeX Info: Redefining \% on input line 91.
 [8]
LaTeX Font Info:    Try loading font information for OMS+cmr on input line 91.

("C:\Users\USUARIO\AppData\Local\Programs\MiKTeX 2.9\tex\latex\base\omscmr.fd"
File: omscmr.fd 2014/09/29 v2.5h Standard LaTeX font definitions
)
LaTeX Font Info:    Font shape `OMS/cmr/m/n' in size <12> not available
(Font)              Font shape `OMS/cmsy/m/n' tried instead on input line 91.
LaTeX Info: Redefining \. on input line 103.
LaTeX Info: Redefining \% on input line 103.
[9]
LaTeX Info: Redefining \. on input line 118.
LaTeX Info: Redefining \% on input line 118.
 [10]
LaTeX Info: Redefining \. on input line 136.
LaTeX Info: Redefining \% on input line 136.
 [11]
LaTeX Info: Redefining \. on input line 145.
LaTeX Info: Redefining \% on input line 145.
 [12]
LaTeX Info: Redefining \. on input line 160.
LaTeX Info: Redefining \% on input line 160.
 [13]
LaTeX Info: Redefining \. on input line 186.
LaTeX Info: Redefining \% on input line 186.
 [14]
LaTeX Info: Redefining \. on input line 195.
LaTeX Info: Redefining \% on input line 195.
 [15]
LaTeX Info: Redefining \. on input line 215.
LaTeX Info: Redefining \% on input line 215.
 [16]
LaTeX Info: Redefining \. on input line 233.
LaTeX Info: Redefining \% on input line 233.
 [17]
LaTeX Info: Redefining \. on input line 247.
LaTeX Info: Redefining \% on input line 247.
 [18]
Underfull \vbox (badness 1924) has occurred while \output is active []

LaTeX Info: Redefining \. on input line 268.
LaTeX Info: Redefining \% on input line 268.
 [19]
LaTeX Info: Redefining \. on input line 279.
LaTeX Info: Redefining \% on input line 279.

[20]) [21


]
\openout2 = `arquitectura/organizacion/organizacion.aux'.

 (arquitectura/organizacion/organizacion.tex
Cap\'{\i }tulo 2.
[22


]
<arquitectura/organizacion/imgs/organigrama.jpg, id=103, 340.27126pt x 254.4506
2pt>
File: arquitectura/organizacion/imgs/organigrama.jpg Graphic file (type jpg)
<use arquitectura/organizacion/imgs/organigrama.jpg>
Package pdftex.def Info: arquitectura/organizacion/imgs/organigrama.jpg  used o
n input line 20.
(pdftex.def)             Requested size: 272.99881pt x 204.1548pt.
LaTeX Info: Redefining \. on input line 33.
LaTeX Info: Redefining \% on input line 33.
 [23 <./arquitectura/organizacion/imgs/organigrama.jpg>]
LaTeX Info: Redefining \. on input line 53.
LaTeX Info: Redefining \% on input line 53.
 [24]
LaTeX Info: Redefining \. on input line 69.
LaTeX Info: Redefining \% on input line 69.
 [25]
<arquitectura/organizacion/imgs/procesos_org1.jpg, id=114, 642.90187pt x 427.59
75pt>
File: arquitectura/organizacion/imgs/procesos_org1.jpg Graphic file (type jpg)
<use arquitectura/organizacion/imgs/procesos_org1.jpg>
Package pdftex.def Info: arquitectura/organizacion/imgs/procesos_org1.jpg  used
 on input line 80.
(pdftex.def)             Requested size: 272.99881pt x 181.57973pt.
LaTeX Info: Redefining \. on input line 84.
LaTeX Info: Redefining \% on input line 84.
 [26 <./arquitectura/organizacion/imgs/procesos_org1.jpg>]
<arquitectura/organizacion/imgs/procesos_org2.jpg, id=118, 641.39626pt x 344.78
813pt>
File: arquitectura/organizacion/imgs/procesos_org2.jpg Graphic file (type jpg)
<use arquitectura/organizacion/imgs/procesos_org2.jpg>
Package pdftex.def Info: arquitectura/organizacion/imgs/procesos_org2.jpg  used
 on input line 91.
(pdftex.def)             Requested size: 272.99881pt x 146.7566pt.
LaTeX Info: Redefining \. on input line 110.
LaTeX Info: Redefining \% on input line 110.
 [27 <./arquitectura/organizacion/imgs/procesos_org2.jpg>])
LaTeX Info: Redefining \. on input line 47.
LaTeX Info: Redefining \% on input line 47.
 [28]
\openout2 = `arquitectura/adm_lenguaje/adm_lenguaje.aux'.

 (arquitectura/adm_lenguaje/adm_lenguaje.tex
Cap\'{\i }tulo 3.
[29



]
<arquitectura/adm_lenguaje/imgs/adm.png, id=129, 472.76625pt x 305.64188pt>
File: arquitectura/adm_lenguaje/imgs/adm.png Graphic file (type png)
<use arquitectura/adm_lenguaje/imgs/adm.png>
Package pdftex.def Info: arquitectura/adm_lenguaje/imgs/adm.png  used on input 
line 9.
(pdftex.def)             Requested size: 272.99881pt x 176.49821pt.
LaTeX Info: Redefining \. on input line 14.
LaTeX Info: Redefining \% on input line 14.
 [30 <./arquitectura/adm_lenguaje/imgs/adm.png>]
Overfull \hbox (21.88582pt too wide) in alignment at lines 18--23
 [] [] [] 
 []

<arquitectura/adm_lenguaje/imgs/business/BusinessActor.jpg, id=133, 407.5225pt 
x 133.49875pt>
File: arquitectura/adm_lenguaje/imgs/business/BusinessActor.jpg Graphic file (t
ype jpg)
<use arquitectura/adm_lenguaje/imgs/business/BusinessActor.jpg>
Package pdftex.def Info: arquitectura/adm_lenguaje/imgs/business/BusinessActor.
jpg  used on input line 25.
(pdftex.def)             Requested size: 99.58464pt x 32.62292pt.
<arquitectura/adm_lenguaje/imgs/business/BusinessRole.jpg, id=134, 460.72125pt 
x 132.495pt>
File: arquitectura/adm_lenguaje/imgs/business/BusinessRole.jpg Graphic file (ty
pe jpg)
<use arquitectura/adm_lenguaje/imgs/business/BusinessRole.jpg>
Package pdftex.def Info: arquitectura/adm_lenguaje/imgs/business/BusinessRole.j
pg  used on input line 26.
(pdftex.def)             Requested size: 99.58464pt x 28.63748pt.

Underfull \hbox (badness 10000) in paragraph at lines 27--27
[]|\OT1/cmr/m/n/12 Colaboracion
 []

<arquitectura/adm_lenguaje/imgs/business/BusinessCollaboration.jpg, id=135, 419
.5675pt x 128.48pt>
File: arquitectura/adm_lenguaje/imgs/business/BusinessCollaboration.jpg Graphic
 file (type jpg)
<use arquitectura/adm_lenguaje/imgs/business/BusinessCollaboration.jpg>
Package pdftex.def Info: arquitectura/adm_lenguaje/imgs/business/BusinessCollab
oration.jpg  used on input line 27.
(pdftex.def)             Requested size: 99.58464pt x 30.4947pt.

Underfull \hbox (badness 10000) in paragraph at lines 28--28
[]|\OT1/cmr/m/n/12 Interfaz de
 []

<arquitectura/adm_lenguaje/imgs/business/BusinessInterface.jpg, id=136, 415.552
5pt x 127.47626pt>
File: arquitectura/adm_lenguaje/imgs/business/BusinessInterface.jpg Graphic fil
e (type jpg)
<use arquitectura/adm_lenguaje/imgs/business/BusinessInterface.jpg>
Package pdftex.def Info: arquitectura/adm_lenguaje/imgs/business/BusinessInterf
ace.jpg  used on input line 28.
(pdftex.def)             Requested size: 99.58464pt x 30.54823pt.
<arquitectura/adm_lenguaje/imgs/business/Location.jpg, id=137, 421.575pt x 123.
46124pt>
File: arquitectura/adm_lenguaje/imgs/business/Location.jpg Graphic file (type j
pg)
<use arquitectura/adm_lenguaje/imgs/business/Location.jpg>
Package pdftex.def Info: arquitectura/adm_lenguaje/imgs/business/Location.jpg  
used on input line 29.
(pdftex.def)             Requested size: 99.58464pt x 29.1641pt.
<arquitectura/adm_lenguaje/imgs/business/BusinessObject.jpg, id=138, 414.54875p
t x 131.49126pt>
File: arquitectura/adm_lenguaje/imgs/business/BusinessObject.jpg Graphic file (
type jpg)
<use arquitectura/adm_lenguaje/imgs/business/BusinessObject.jpg>
Package pdftex.def Info: arquitectura/adm_lenguaje/imgs/business/BusinessObject
.jpg  used on input line 30.
(pdftex.def)             Requested size: 99.58464pt x 31.58662pt.

Underfull \hbox (badness 10000) in paragraph at lines 31--31
[]|\OT1/cmr/m/n/12 Proceso de
 []

<arquitectura/adm_lenguaje/imgs/business/BusinessProcess.jpg, id=139, 449.68pt 
x 129.48375pt>
File: arquitectura/adm_lenguaje/imgs/business/BusinessProcess.jpg Graphic file 
(type jpg)
<use arquitectura/adm_lenguaje/imgs/business/BusinessProcess.jpg>
Package pdftex.def Info: arquitectura/adm_lenguaje/imgs/business/BusinessProces
s.jpg  used on input line 31.
(pdftex.def)             Requested size: 99.58464pt x 28.6742pt.

Underfull \hbox (badness 10000) in paragraph at lines 32--32
[]|\OT1/cmr/m/n/12 Funcion de
 []

<arquitectura/adm_lenguaje/imgs/business/BusinessFunction.jpg, id=140, 423.5825
pt x 131.49126pt>
File: arquitectura/adm_lenguaje/imgs/business/BusinessFunction.jpg Graphic file
 (type jpg)
<use arquitectura/adm_lenguaje/imgs/business/BusinessFunction.jpg>
Package pdftex.def Info: arquitectura/adm_lenguaje/imgs/business/BusinessFuncti
on.jpg  used on input line 32.
(pdftex.def)             Requested size: 99.58464pt x 30.91248pt.

Underfull \hbox (badness 10000) in paragraph at lines 33--33
[]|\OT1/cmr/m/n/12 Interaccion
 []

<arquitectura/adm_lenguaje/imgs/business/BusinessInteraction.jpg, id=141, 433.6
2pt x 127.47626pt>
File: arquitectura/adm_lenguaje/imgs/business/BusinessInteraction.jpg Graphic f
ile (type jpg)
<use arquitectura/adm_lenguaje/imgs/business/BusinessInteraction.jpg>
Package pdftex.def Info: arquitectura/adm_lenguaje/imgs/business/BusinessIntera
ction.jpg  used on input line 33.
(pdftex.def)             Requested size: 99.58464pt x 29.27612pt.
<arquitectura/adm_lenguaje/imgs/business/BusinessEvent.jpg, id=142, 433.62pt x 
124.465pt>
File: arquitectura/adm_lenguaje/imgs/business/BusinessEvent.jpg Graphic file (t
ype jpg)
<use arquitectura/adm_lenguaje/imgs/business/BusinessEvent.jpg>
Package pdftex.def Info: arquitectura/adm_lenguaje/imgs/business/BusinessEvent.
jpg  used on input line 34.
(pdftex.def)             Requested size: 99.58464pt x 28.58456pt.

Underfull \hbox (badness 10000) in paragraph at lines 35--35
[]|\OT1/cmr/m/n/12 Servicio de
 []

<arquitectura/adm_lenguaje/imgs/business/BusinessService.jpg, id=143, 456.70625
pt x 127.47626pt>
File: arquitectura/adm_lenguaje/imgs/business/BusinessService.jpg Graphic file 
(type jpg)
<use arquitectura/adm_lenguaje/imgs/business/BusinessService.jpg>
Package pdftex.def Info: arquitectura/adm_lenguaje/imgs/business/BusinessServic
e.jpg  used on input line 35.
(pdftex.def)             Requested size: 99.58464pt x 27.79588pt.

Overfull \hbox (6.44788pt too wide) in paragraph at lines 36--36
[]|\OT1/cmr/m/n/12 Representacion| 
 []

<arquitectura/adm_lenguaje/imgs/business/Representation.jpg, id=144, 423.5825pt
 x 127.47626pt>
File: arquitectura/adm_lenguaje/imgs/business/Representation.jpg Graphic file (
type jpg)
<use arquitectura/adm_lenguaje/imgs/business/Representation.jpg>
Package pdftex.def Info: arquitectura/adm_lenguaje/imgs/business/Representation
.jpg  used on input line 36.
(pdftex.def)             Requested size: 99.58464pt x 29.96858pt.
<arquitectura/adm_lenguaje/imgs/business/Meaning.jpg, id=145, 418.56375pt x 127
.47626pt>
File: arquitectura/adm_lenguaje/imgs/business/Meaning.jpg Graphic file (type jp
g)
<use arquitectura/adm_lenguaje/imgs/business/Meaning.jpg>
Package pdftex.def Info: arquitectura/adm_lenguaje/imgs/business/Meaning.jpg  u
sed on input line 37.
(pdftex.def)             Requested size: 99.58464pt x 30.32843pt.
<arquitectura/adm_lenguaje/imgs/business/Value.jpg, id=146, 401.5pt x 103.38625
pt>
File: arquitectura/adm_lenguaje/imgs/business/Value.jpg Graphic file (type jpg)

<use arquitectura/adm_lenguaje/imgs/business/Value.jpg>
Package pdftex.def Info: arquitectura/adm_lenguaje/imgs/business/Value.jpg  use
d on input line 38.
(pdftex.def)             Requested size: 99.58464pt x 25.64299pt.
<arquitectura/adm_lenguaje/imgs/business/Product.jpg, id=147, 427.5975pt x 133.
49875pt>
File: arquitectura/adm_lenguaje/imgs/business/Product.jpg Graphic file (type jp
g)
<use arquitectura/adm_lenguaje/imgs/business/Product.jpg>
Package pdftex.def Info: arquitectura/adm_lenguaje/imgs/business/Product.jpg  u
sed on input line 39.
(pdftex.def)             Requested size: 99.58464pt x 31.0911pt.
<arquitectura/adm_lenguaje/imgs/business/Contract.jpg, id=148, 432.61626pt x 12
9.48375pt>
File: arquitectura/adm_lenguaje/imgs/business/Contract.jpg Graphic file (type j
pg)
<use arquitectura/adm_lenguaje/imgs/business/Contract.jpg>
Package pdftex.def Info: arquitectura/adm_lenguaje/imgs/business/Contract.jpg  
used on input line 40.
(pdftex.def)             Requested size: 99.58464pt x 29.8063pt.

Overfull \hbox (21.88582pt too wide) in alignment at lines 23--41
 [] [] [] 
 []

LaTeX Info: Redefining \. on input line 41.
LaTeX Info: Redefining \% on input line 41.
[31 <./arquitectura/adm_lenguaje/imgs/business/BusinessActor.jpg> <./arquitectu
ra/adm_lenguaje/imgs/business/BusinessRole.jpg> <./arquitectura/adm_lenguaje/im
gs/business/BusinessCollaboration.jpg> <./arquitectura/adm_lenguaje/imgs/busine
ss/BusinessInterface.jpg> <./arquitectura/adm_lenguaje/imgs/business/Location.j
pg> <./arquitectura/adm_lenguaje/imgs/business/BusinessObject.jpg> <./arquitect
ura/adm_lenguaje/imgs/business/BusinessProcess.jpg> <./arquitectura/adm_lenguaj
e/imgs/business/BusinessFunction.jpg>]
LaTeX Info: Redefining \. on input line 44.
LaTeX Info: Redefining \% on input line 44.
 [32 <./arquitectura/adm_lenguaje/imgs/business/BusinessInteraction.jpg> <./arq
uitectura/adm_lenguaje/imgs/business/BusinessEvent.jpg> <./arquitectura/adm_len
guaje/imgs/business/BusinessService.jpg> <./arquitectura/adm_lenguaje/imgs/busi
ness/Representation.jpg> <./arquitectura/adm_lenguaje/imgs/business/Meaning.jpg
> <./arquitectura/adm_lenguaje/imgs/business/Value.jpg> <./arquitectura/adm_len
guaje/imgs/business/Product.jpg> <./arquitectura/adm_lenguaje/imgs/business/Con
tract.jpg>]
Overfull \hbox (21.88582pt too wide) in alignment at lines 48--53
 [] [] [] 
 []


Underfull \hbox (badness 10000) in paragraph at lines 55--55
[]|\OT1/cmr/m/n/12 Componente
 []

<arquitectura/adm_lenguaje/imgs/application/ApplicationComponent.jpg, id=155, 4
72.76625pt x 134.5025pt>
File: arquitectura/adm_lenguaje/imgs/application/ApplicationComponent.jpg Graph
ic file (type jpg)
<use arquitectura/adm_lenguaje/imgs/application/ApplicationComponent.jpg>
Package pdftex.def Info: arquitectura/adm_lenguaje/imgs/application/Application
Component.jpg  used on input line 55.
(pdftex.def)             Requested size: 99.58464pt x 28.33049pt.

Underfull \hbox (badness 10000) in paragraph at lines 56--56
[]|\OT1/cmr/m/n/12 Colaboracion
 []


Underfull \hbox (badness 1005) in paragraph at lines 56--56
\OT1/cmr/m/n/12 de Apli-ca-cio-
 []

<arquitectura/adm_lenguaje/imgs/application/ApplicationCollaboration.jpg, id=15
6, 430.60875pt x 127.47626pt>
File: arquitectura/adm_lenguaje/imgs/application/ApplicationCollaboration.jpg G
raphic file (type jpg)
<use arquitectura/adm_lenguaje/imgs/application/ApplicationCollaboration.jpg>
Package pdftex.def Info: arquitectura/adm_lenguaje/imgs/application/Application
Collaboration.jpg  used on input line 56.
(pdftex.def)             Requested size: 99.58464pt x 29.48036pt.

Underfull \hbox (badness 10000) in paragraph at lines 57--57
[]|\OT1/cmr/m/n/12 Interfaz de
 []

<arquitectura/adm_lenguaje/imgs/application/ApplicationInterface.jpg, id=157, 4
69.755pt x 127.47626pt>
File: arquitectura/adm_lenguaje/imgs/application/ApplicationInterface.jpg Graph
ic file (type jpg)
<use arquitectura/adm_lenguaje/imgs/application/ApplicationInterface.jpg>
Package pdftex.def Info: arquitectura/adm_lenguaje/imgs/application/Application
Interface.jpg  used on input line 57.
(pdftex.def)             Requested size: 99.58464pt x 27.02367pt.

Underfull \hbox (badness 10000) in paragraph at lines 58--58
[]|\OT1/cmr/m/n/12 Objeto de
 []

<arquitectura/adm_lenguaje/imgs/application/DataObject.jpg, id=158, 442.65375pt
 x 130.4875pt>
File: arquitectura/adm_lenguaje/imgs/application/DataObject.jpg Graphic file (t
ype jpg)
<use arquitectura/adm_lenguaje/imgs/application/DataObject.jpg>
Package pdftex.def Info: arquitectura/adm_lenguaje/imgs/application/DataObject.
jpg  used on input line 58.
(pdftex.def)             Requested size: 99.58464pt x 29.35443pt.

Underfull \hbox (badness 10000) in paragraph at lines 59--59
[]|\OT1/cmr/m/n/12 Funcion de
 []

<arquitectura/adm_lenguaje/imgs/application/ApplicationFunction.jpg, id=159, 44
2.65375pt x 127.47626pt>
File: arquitectura/adm_lenguaje/imgs/application/ApplicationFunction.jpg Graphi
c file (type jpg)
<use arquitectura/adm_lenguaje/imgs/application/ApplicationFunction.jpg>
Package pdftex.def Info: arquitectura/adm_lenguaje/imgs/application/Application
Function.jpg  used on input line 59.
(pdftex.def)             Requested size: 99.58464pt x 28.67702pt.

Underfull \hbox (badness 10000) in paragraph at lines 60--60
[]|\OT1/cmr/m/n/12 Interaccion
 []


Underfull \hbox (badness 1005) in paragraph at lines 60--60
\OT1/cmr/m/n/12 de Apli-ca-cio-
 []

<arquitectura/adm_lenguaje/imgs/application/ApplicationInteraction.jpg, id=160,
 417.56pt x 126.4725pt>
File: arquitectura/adm_lenguaje/imgs/application/ApplicationInteraction.jpg Gra
phic file (type jpg)
<use arquitectura/adm_lenguaje/imgs/application/ApplicationInteraction.jpg>
Package pdftex.def Info: arquitectura/adm_lenguaje/imgs/application/Application
Interaction.jpg  used on input line 60.
(pdftex.def)             Requested size: 99.58464pt x 30.16103pt.

Underfull \hbox (badness 10000) in paragraph at lines 61--61
[]|\OT1/cmr/m/n/12 Servicio de
 []

<arquitectura/adm_lenguaje/imgs/application/ApplicationService.jpg, id=161, 421
.575pt x 75.28125pt>
File: arquitectura/adm_lenguaje/imgs/application/ApplicationService.jpg Graphic
 file (type jpg)
<use arquitectura/adm_lenguaje/imgs/application/ApplicationService.jpg>
Package pdftex.def Info: arquitectura/adm_lenguaje/imgs/application/Application
Service.jpg  used on input line 61.
(pdftex.def)             Requested size: 99.58464pt x 17.78297pt.

Overfull \hbox (21.88582pt too wide) in alignment at lines 53--62
 [] [] [] 
 []

LaTeX Info: Redefining \. on input line 64.
LaTeX Info: Redefining \% on input line 64.
[33 <./arquitectura/adm_lenguaje/imgs/application/ApplicationComponent.jpg> <./
arquitectura/adm_lenguaje/imgs/application/ApplicationCollaboration.jpg> <./arq
uitectura/adm_lenguaje/imgs/application/ApplicationInterface.jpg> <./arquitectu
ra/adm_lenguaje/imgs/application/DataObject.jpg> <./arquitectura/adm_lenguaje/i
mgs/application/ApplicationFunction.jpg> <./arquitectura/adm_lenguaje/imgs/appl
ication/ApplicationInteraction.jpg> <./arquitectura/adm_lenguaje/imgs/applicati
on/ApplicationService.jpg>]
Overfull \hbox (23.30855pt too wide) in alignment at lines 69--74
 [] [] [] 
 []

<arquitectura/adm_lenguaje/imgs/technology/Node.jpg, id=165, 424.58624pt x 127.
47626pt>
File: arquitectura/adm_lenguaje/imgs/technology/Node.jpg Graphic file (type jpg
)
<use arquitectura/adm_lenguaje/imgs/technology/Node.jpg>
Package pdftex.def Info: arquitectura/adm_lenguaje/imgs/technology/Node.jpg  us
ed on input line 76.
(pdftex.def)             Requested size: 99.58464pt x 29.89856pt.
<arquitectura/adm_lenguaje/imgs/technology/Device.jpg, id=166, 424.58624pt x 14
4.54pt>
File: arquitectura/adm_lenguaje/imgs/technology/Device.jpg Graphic file (type j
pg)
<use arquitectura/adm_lenguaje/imgs/technology/Device.jpg>
Package pdftex.def Info: arquitectura/adm_lenguaje/imgs/technology/Device.jpg  
used on input line 77.
(pdftex.def)             Requested size: 99.58464pt x 33.90073pt.
<arquitectura/adm_lenguaje/imgs/technology/Network.jpg, id=167, 420.57124pt x 1
28.48pt>
File: arquitectura/adm_lenguaje/imgs/technology/Network.jpg Graphic file (type 
jpg)
<use arquitectura/adm_lenguaje/imgs/technology/Network.jpg>
Package pdftex.def Info: arquitectura/adm_lenguaje/imgs/technology/Network.jpg 
 used on input line 78.
(pdftex.def)             Requested size: 99.58464pt x 30.42216pt.

Underfull \hbox (badness 3118) in paragraph at lines 79--79
[]|\OT1/cmr/m/n/12 Ruta de co-
 []

<arquitectura/adm_lenguaje/imgs/technology/CommunicationPath.jpg, id=168, 415.5
525pt x 124.465pt>
File: arquitectura/adm_lenguaje/imgs/technology/CommunicationPath.jpg Graphic f
ile (type jpg)
<use arquitectura/adm_lenguaje/imgs/technology/CommunicationPath.jpg>
Package pdftex.def Info: arquitectura/adm_lenguaje/imgs/technology/Communicatio
nPath.jpg  used on input line 79.
(pdftex.def)             Requested size: 99.58464pt x 29.82661pt.
<arquitectura/adm_lenguaje/imgs/technology/InfrastructureInterface.jpg, id=169,
 417.56pt x 128.48pt>
File: arquitectura/adm_lenguaje/imgs/technology/InfrastructureInterface.jpg Gra
phic file (type jpg)
<use arquitectura/adm_lenguaje/imgs/technology/InfrastructureInterface.jpg>
Package pdftex.def Info: arquitectura/adm_lenguaje/imgs/technology/Infrastructu
reInterface.jpg  used on input line 80.
(pdftex.def)             Requested size: 99.58464pt x 30.63977pt.

Underfull \hbox (badness 10000) in paragraph at lines 81--81
[]|\OT1/cmr/m/n/12 Software del
 []

<arquitectura/adm_lenguaje/imgs/technology/SystemSoftware.jpg, id=170, 421.575p
t x 130.4875pt>
File: arquitectura/adm_lenguaje/imgs/technology/SystemSoftware.jpg Graphic file
 (type jpg)
<use arquitectura/adm_lenguaje/imgs/technology/SystemSoftware.jpg>
Package pdftex.def Info: arquitectura/adm_lenguaje/imgs/technology/SystemSoftwa
re.jpg  used on input line 81.
(pdftex.def)             Requested size: 99.58464pt x 30.82384pt.
<arquitectura/adm_lenguaje/imgs/technology/InfrastructureFunction.jpg, id=171, 
386.44376pt x 137.51375pt>
File: arquitectura/adm_lenguaje/imgs/technology/InfrastructureFunction.jpg Grap
hic file (type jpg)
<use arquitectura/adm_lenguaje/imgs/technology/InfrastructureFunction.jpg>
Package pdftex.def Info: arquitectura/adm_lenguaje/imgs/technology/Infrastructu
reFunction.jpg  used on input line 82.
(pdftex.def)             Requested size: 99.58464pt x 35.43588pt.
<arquitectura/adm_lenguaje/imgs/technology/InfrastructureService.jpg, id=172, 3
93.47pt x 131.49126pt>
File: arquitectura/adm_lenguaje/imgs/technology/InfrastructureService.jpg Graph
ic file (type jpg)
<use arquitectura/adm_lenguaje/imgs/technology/InfrastructureService.jpg>
Package pdftex.def Info: arquitectura/adm_lenguaje/imgs/technology/Infrastructu
reService.jpg  used on input line 83.
(pdftex.def)             Requested size: 99.58464pt x 33.27802pt.
<arquitectura/adm_lenguaje/imgs/technology/Artifact.jpg, id=173, 400.49625pt x 
126.4725pt>
File: arquitectura/adm_lenguaje/imgs/technology/Artifact.jpg Graphic file (type
 jpg)
<use arquitectura/adm_lenguaje/imgs/technology/Artifact.jpg>
Package pdftex.def Info: arquitectura/adm_lenguaje/imgs/technology/Artifact.jpg
  used on input line 84.
(pdftex.def)             Requested size: 99.58464pt x 31.44629pt.

Overfull \hbox (23.30855pt too wide) in alignment at lines 74--85
 [] [] [] 
 []

LaTeX Info: Redefining \. on input line 85.
LaTeX Info: Redefining \% on input line 85.
[34 <./arquitectura/adm_lenguaje/imgs/technology/Node.jpg> <./arquitectura/adm_
lenguaje/imgs/technology/Device.jpg> <./arquitectura/adm_lenguaje/imgs/technolo
gy/Network.jpg> <./arquitectura/adm_lenguaje/imgs/technology/CommunicationPath.
jpg> <./arquitectura/adm_lenguaje/imgs/technology/InfrastructureInterface.jpg> 
<./arquitectura/adm_lenguaje/imgs/technology/SystemSoftware.jpg> <./arquitectur
a/adm_lenguaje/imgs/technology/InfrastructureFunction.jpg> <./arquitectura/adm_
lenguaje/imgs/technology/InfrastructureService.jpg>]
LaTeX Info: Redefining \. on input line 87.
LaTeX Info: Redefining \% on input line 87.
 [35 <./arquitectura/adm_lenguaje/imgs/technology/Artifact.jpg>]
Overfull \hbox (21.88582pt too wide) in alignment at lines 91--96
 [] [] [] 
 []

<arquitectura/adm_lenguaje/imgs/motivational/Stakeholder.jpg, id=181, 466.74374
pt x 115.43124pt>
File: arquitectura/adm_lenguaje/imgs/motivational/Stakeholder.jpg Graphic file 
(type jpg)
<use arquitectura/adm_lenguaje/imgs/motivational/Stakeholder.jpg>
Package pdftex.def Info: arquitectura/adm_lenguaje/imgs/motivational/Stakeholde
r.jpg  used on input line 98.
(pdftex.def)             Requested size: 99.58464pt x 24.627pt.

Underfull \hbox (badness 2057) in paragraph at lines 99--99
[]|\OT1/cmr/m/n/12 Driver (Con-
 []

<arquitectura/adm_lenguaje/imgs/motivational/Diver.jpg, id=182, 457.71pt x 97.3
6375pt>
File: arquitectura/adm_lenguaje/imgs/motivational/Diver.jpg Graphic file (type 
jpg)
<use arquitectura/adm_lenguaje/imgs/motivational/Diver.jpg>
Package pdftex.def Info: arquitectura/adm_lenguaje/imgs/motivational/Diver.jpg 
 used on input line 99.
(pdftex.def)             Requested size: 99.58464pt x 21.18237pt.

Underfull \hbox (badness 10000) in paragraph at lines 100--100
[]|\OT1/cmr/m/n/12 Assessment
 []

<arquitectura/adm_lenguaje/imgs/motivational/Assessment.jpg, id=183, 463.7325pt
 x 107.40125pt>
File: arquitectura/adm_lenguaje/imgs/motivational/Assessment.jpg Graphic file (
type jpg)
<use arquitectura/adm_lenguaje/imgs/motivational/Assessment.jpg>
Package pdftex.def Info: arquitectura/adm_lenguaje/imgs/motivational/Assessment
.jpg  used on input line 100.
(pdftex.def)             Requested size: 99.58464pt x 23.06294pt.
<arquitectura/adm_lenguaje/imgs/motivational/Goal.jpg, id=184, 471.7625pt x 110
.4125pt>
File: arquitectura/adm_lenguaje/imgs/motivational/Goal.jpg Graphic file (type j
pg)
<use arquitectura/adm_lenguaje/imgs/motivational/Goal.jpg>
Package pdftex.def Info: arquitectura/adm_lenguaje/imgs/motivational/Goal.jpg  
used on input line 101.
(pdftex.def)             Requested size: 99.58464pt x 23.30692pt.

Overfull \hbox (3.44513pt too wide) in paragraph at lines 102--102
[]|\OT1/cmr/m/n/12 Requerimiento| 
 []

<arquitectura/adm_lenguaje/imgs/motivational/Requirement.jpg, id=185, 478.78876
pt x 108.405pt>
File: arquitectura/adm_lenguaje/imgs/motivational/Requirement.jpg Graphic file 
(type jpg)
<use arquitectura/adm_lenguaje/imgs/motivational/Requirement.jpg>
Package pdftex.def Info: arquitectura/adm_lenguaje/imgs/motivational/Requiremen
t.jpg  used on input line 102.
(pdftex.def)             Requested size: 99.58464pt x 22.54736pt.
<arquitectura/adm_lenguaje/imgs/motivational/Constraint.jpg, id=186, 480.79625p
t x 106.3975pt>
File: arquitectura/adm_lenguaje/imgs/motivational/Constraint.jpg Graphic file (
type jpg)
<use arquitectura/adm_lenguaje/imgs/motivational/Constraint.jpg>
Package pdftex.def Info: arquitectura/adm_lenguaje/imgs/motivational/Constraint
.jpg  used on input line 103.
(pdftex.def)             Requested size: 99.58464pt x 22.0373pt.

Underfull \hbox (badness 10000) in paragraph at lines 104--104
[]|\OT1/cmr/m/n/12 Principle
 []

<arquitectura/adm_lenguaje/imgs/motivational/Principle.jpg, id=187, 475.7775pt 
x 108.405pt>
File: arquitectura/adm_lenguaje/imgs/motivational/Principle.jpg Graphic file (t
ype jpg)
<use arquitectura/adm_lenguaje/imgs/motivational/Principle.jpg>
Package pdftex.def Info: arquitectura/adm_lenguaje/imgs/motivational/Principle.
jpg  used on input line 104.
(pdftex.def)             Requested size: 99.58464pt x 22.68962pt.

Overfull \hbox (21.88582pt too wide) in alignment at lines 96--105
 [] [] [] 
 []

LaTeX Info: Redefining \. on input line 109.
LaTeX Info: Redefining \% on input line 109.
[36 <./arquitectura/adm_lenguaje/imgs/motivational/Stakeholder.jpg> <./arquitec
tura/adm_lenguaje/imgs/motivational/Diver.jpg> <./arquitectura/adm_lenguaje/img
s/motivational/Assessment.jpg> <./arquitectura/adm_lenguaje/imgs/motivational/G
oal.jpg> <./arquitectura/adm_lenguaje/imgs/motivational/Requirement.jpg> <./arq
uitectura/adm_lenguaje/imgs/motivational/Constraint.jpg> <./arquitectura/adm_le
nguaje/imgs/motivational/Principle.jpg>]
Overfull \hbox (21.88582pt too wide) in alignment at lines 113--118
 [] [] [] 
 []


Underfull \hbox (badness 10000) in paragraph at lines 120--120
[]|\OT1/cmr/m/n/12 Paquete de
 []

<arquitectura/adm_lenguaje/imgs/implementacionMigration/WorkPackage.jpg, id=191
, 293.095pt x 129.48375pt>
File: arquitectura/adm_lenguaje/imgs/implementacionMigration/WorkPackage.jpg Gr
aphic file (type jpg)
<use arquitectura/adm_lenguaje/imgs/implementacionMigration/WorkPackage.jpg>
Package pdftex.def Info: arquitectura/adm_lenguaje/imgs/implementacionMigration
/WorkPackage.jpg  used on input line 120.
(pdftex.def)             Requested size: 99.58464pt x 43.99425pt.
<arquitectura/adm_lenguaje/imgs/implementacionMigration/Deliverable.jpg, id=192
, 276.03125pt x 126.4725pt>
File: arquitectura/adm_lenguaje/imgs/implementacionMigration/Deliverable.jpg Gr
aphic file (type jpg)
<use arquitectura/adm_lenguaje/imgs/implementacionMigration/Deliverable.jpg>
Package pdftex.def Info: arquitectura/adm_lenguaje/imgs/implementacionMigration
/Deliverable.jpg  used on input line 121.
(pdftex.def)             Requested size: 99.58464pt x 45.62848pt.

Underfull \hbox (badness 1472) in paragraph at lines 122--122
[]|\OT1/cmr/m/n/12 Un es-ta-do re-la-ti-va-men-te es-ta-ble de
 []

<arquitectura/adm_lenguaje/imgs/implementacionMigration/Plateau.jpg, id=193, 28
9.08pt x 129.48375pt>
File: arquitectura/adm_lenguaje/imgs/implementacionMigration/Plateau.jpg Graphi
c file (type jpg)
<use arquitectura/adm_lenguaje/imgs/implementacionMigration/Plateau.jpg>
Package pdftex.def Info: arquitectura/adm_lenguaje/imgs/implementacionMigration
/Plateau.jpg  used on input line 122.
(pdftex.def)             Requested size: 99.58464pt x 44.60475pt.
<arquitectura/adm_lenguaje/imgs/implementacionMigration/Gap.jpg, id=194, 279.04
25pt x 118.4425pt>
File: arquitectura/adm_lenguaje/imgs/implementacionMigration/Gap.jpg Graphic fi
le (type jpg)
<use arquitectura/adm_lenguaje/imgs/implementacionMigration/Gap.jpg>
Package pdftex.def Info: arquitectura/adm_lenguaje/imgs/implementacionMigration
/Gap.jpg  used on input line 123.
(pdftex.def)             Requested size: 99.58464pt x 42.26877pt.

Overfull \hbox (21.88582pt too wide) in alignment at lines 118--124
 [] [] [] 
 []

)
LaTeX Info: Redefining \. on input line 48.
LaTeX Info: Redefining \% on input line 48.
 [37 <./arquitectura/adm_lenguaje/imgs/implementacionMigration/WorkPackage.jpg>
 <./arquitectura/adm_lenguaje/imgs/implementacionMigration/Deliverable.jpg> <./
arquitectura/adm_lenguaje/imgs/implementacionMigration/Plateau.jpg> <./arquitec
tura/adm_lenguaje/imgs/implementacionMigration/Gap.jpg>]
\openout2 = `arquitectura/negocio/negocio.aux'.


(arquitectura/negocio/negocio.tex
Cap\'{\i }tulo 4.
[38



]
<arquitectura/negocio/imgs/m_organizacion.pdf, id=201, 347.79938pt x 123.662pt>

File: arquitectura/negocio/imgs/m_organizacion.pdf Graphic file (type pdf)
<use arquitectura/negocio/imgs/m_organizacion.pdf>
Package pdftex.def Info: arquitectura/negocio/imgs/m_organizacion.pdf  used on 
input line 12.
(pdftex.def)             Requested size: 272.99881pt x 97.0692pt.
LaTeX Info: Redefining \. on input line 16.
LaTeX Info: Redefining \% on input line 16.
 [39 <./arquitectura/negocio/imgs/m_organizacion.pdf>]
<arquitectura/negocio/imgs/organizacion.png, id=207, 739.76375pt x 505.89pt>
File: arquitectura/negocio/imgs/organizacion.png Graphic file (type png)
<use arquitectura/negocio/imgs/organizacion.png>
Package pdftex.def Info: arquitectura/negocio/imgs/organizacion.png  used on in
put line 23.
(pdftex.def)             Requested size: 272.99881pt x 186.69005pt.
LaTeX Info: Redefining \. on input line 26.
LaTeX Info: Redefining \% on input line 26.
 [40 <./arquitectura/negocio/imgs/organizacion.png (PNG copy)>]
File: arquitectura/negocio/imgs/m_organizacion.pdf Graphic file (type pdf)
<use arquitectura/negocio/imgs/m_organizacion.pdf>
Package pdftex.def Info: arquitectura/negocio/imgs/m_organizacion.pdf  used on 
input line 35.
(pdftex.def)             Requested size: 272.99881pt x 97.0692pt.
LaTeX Info: Redefining \. on input line 39.
LaTeX Info: Redefining \% on input line 39.
 [41]
<arquitectura/negocio/imgs/funciones-1.png, id=215, 739.76375pt x 505.89pt>
File: arquitectura/negocio/imgs/funciones-1.png Graphic file (type png)
<use arquitectura/negocio/imgs/funciones-1.png>
Package pdftex.def Info: arquitectura/negocio/imgs/funciones-1.png  used on inp
ut line 46.
(pdftex.def)             Requested size: 272.99881pt x 186.69005pt.
<arquitectura/negocio/imgs/funciones-2.png, id=216, 739.76375pt x 505.89pt>
File: arquitectura/negocio/imgs/funciones-2.png Graphic file (type png)
<use arquitectura/negocio/imgs/funciones-2.png>
Package pdftex.def Info: arquitectura/negocio/imgs/funciones-2.png  used on inp
ut line 51.
(pdftex.def)             Requested size: 272.99881pt x 186.69005pt.
<arquitectura/negocio/imgs/funciones-3.png, id=217, 739.76375pt x 505.89pt>
File: arquitectura/negocio/imgs/funciones-3.png Graphic file (type png)
<use arquitectura/negocio/imgs/funciones-3.png>
Package pdftex.def Info: arquitectura/negocio/imgs/funciones-3.png  used on inp
ut line 56.
(pdftex.def)             Requested size: 272.99881pt x 186.69005pt.
LaTeX Info: Redefining \. on input line 59.
LaTeX Info: Redefining \% on input line 59.
 [42 <./arquitectura/negocio/imgs/funciones-1.png (PNG copy)> <./arquitectura/n
egocio/imgs/funciones-2.png (PNG copy)>]
File: arquitectura/negocio/imgs/m_organizacion.pdf Graphic file (type pdf)
<use arquitectura/negocio/imgs/m_organizacion.pdf>
Package pdftex.def Info: arquitectura/negocio/imgs/m_organizacion.pdf  used on 
input line 68.
(pdftex.def)             Requested size: 272.99881pt x 97.0692pt.
LaTeX Info: Redefining \. on input line 72.
LaTeX Info: Redefining \% on input line 72.
 [43 <./arquitectura/negocio/imgs/funciones-3.png (PNG copy)>]
<arquitectura/negocio/imgs/proceso.png, id=224, 739.76375pt x 505.89pt>
File: arquitectura/negocio/imgs/proceso.png Graphic file (type png)
<use arquitectura/negocio/imgs/proceso.png>
Package pdftex.def Info: arquitectura/negocio/imgs/proceso.png  used on input l
ine 79.
(pdftex.def)             Requested size: 272.99881pt x 186.69005pt.
LaTeX Info: Redefining \. on input line 82.
LaTeX Info: Redefining \% on input line 82.
 [44 <./arquitectura/negocio/imgs/proceso.png (PNG copy)>]
File: arquitectura/negocio/imgs/m_organizacion.pdf Graphic file (type pdf)
<use arquitectura/negocio/imgs/m_organizacion.pdf>
Package pdftex.def Info: arquitectura/negocio/imgs/m_organizacion.pdf  used on 
input line 91.
(pdftex.def)             Requested size: 272.99881pt x 97.0692pt.
LaTeX Info: Redefining \. on input line 95.
LaTeX Info: Redefining \% on input line 95.

Overfull \hbox (18.30359pt too wide) has occurred while \output is active
\OT1/cmr/m/sl/12 4.8.  PUNTO DE VISTA DE COOPERACI[]ON DE PROCESO DE NEGOCIO \O
T1/cmr/m/n/12 45
 []

[45]
<arquitectura/negocio/imgs/cooperacion-proceso.png, id=231, 739.76375pt x 505.8
9pt>
File: arquitectura/negocio/imgs/cooperacion-proceso.png Graphic file (type png)

<use arquitectura/negocio/imgs/cooperacion-proceso.png>
Package pdftex.def Info: arquitectura/negocio/imgs/cooperacion-proceso.png  use
d on input line 102.
(pdftex.def)             Requested size: 272.99881pt x 186.69005pt.
LaTeX Info: Redefining \. on input line 105.
LaTeX Info: Redefining \% on input line 105.
 [46 <./arquitectura/negocio/imgs/cooperacion-proceso.png (PNG copy)>]
File: arquitectura/negocio/imgs/m_organizacion.pdf Graphic file (type pdf)
<use arquitectura/negocio/imgs/m_organizacion.pdf>
Package pdftex.def Info: arquitectura/negocio/imgs/m_organizacion.pdf  used on 
input line 114.
(pdftex.def)             Requested size: 272.99881pt x 97.0692pt.
LaTeX Info: Redefining \. on input line 118.
LaTeX Info: Redefining \% on input line 118.

[47]
<arquitectura/negocio/imgs/producto.png, id=239, 739.76375pt x 505.89pt>
File: arquitectura/negocio/imgs/producto.png Graphic file (type png)
<use arquitectura/negocio/imgs/producto.png>
Package pdftex.def Info: arquitectura/negocio/imgs/producto.png  used on input 
line 125.
(pdftex.def)             Requested size: 272.99881pt x 186.69005pt.
LaTeX Info: Redefining \. on input line 128.
LaTeX Info: Redefining \% on input line 128.
 [48 <./arquitectura/negocio/imgs/producto.png (PNG copy)>])
\openout2 = `arquitectura/aplicacion/aplicacion.aux'.


(arquitectura/aplicacion/aplicacion.tex
Cap\'{\i }tulo 5.
[49



])
\openout2 = `arquitectura/tecnologia/tecnologia.aux'.

 (arquitectura/tecnologia/tecnologia.tex
Cap\'{\i }tulo 6.
[50



])
\openout2 = `arquitectura/motivavion/motivacion.aux'.

 (arquitectura/motivavion/motivacion.tex
Cap\'{\i }tulo 7.
[51



])
\openout2 = `arquitectura/migracion/migracion.aux'.

 (arquitectura/migracion/migracion.tex
Cap\'{\i }tulo 8.
[52



])
\openout2 = `arquitectura/diseno/gof.aux'.

 (arquitectura/diseno/gof.tex
Cap\'{\i }tulo 9.
[53



]
LaTeX Info: Redefining \. on input line 6.
LaTeX Info: Redefining \% on input line 6.
 [54]
<arquitectura/diseno/imgs/m_fabrica.pdf, id=262, 644.30708pt x 303.534pt>
File: arquitectura/diseno/imgs/m_fabrica.pdf Graphic file (type pdf)
<use arquitectura/diseno/imgs/m_fabrica.pdf>
Package pdftex.def Info: arquitectura/diseno/imgs/m_fabrica.pdf  used on input 
line 14.
(pdftex.def)             Requested size: 272.99881pt x 128.6135pt.
LaTeX Info: Redefining \. on input line 18.
LaTeX Info: Redefining \% on input line 18.
 [55 <./arquitectura/diseno/imgs/m_fabrica.pdf>]
<arquitectura/diseno/imgs/s_fabrica.pdf, id=268, 437.73538pt x 170.73787pt>
File: arquitectura/diseno/imgs/s_fabrica.pdf Graphic file (type pdf)
<use arquitectura/diseno/imgs/s_fabrica.pdf>
Package pdftex.def Info: arquitectura/diseno/imgs/s_fabrica.pdf  used on input 
line 24.
(pdftex.def)             Requested size: 272.99881pt x 106.48424pt.
LaTeX Info: Redefining \. on input line 28.
LaTeX Info: Redefining \% on input line 28.
 [56 <./arquitectura/diseno/imgs/s_fabrica.pdf>]
LaTeX Info: Redefining \. on input line 32.
LaTeX Info: Redefining \% on input line 32.
 [57]
LaTeX Info: Redefining \. on input line 36.
LaTeX Info: Redefining \% on input line 36.
 [58]) [59


]
\openout2 = `desarrollo/recoleccion/recoleccion.aux'.


(desarrollo/recoleccion/recoleccion.tex
Cap\'{\i }tulo 10.

Overfull \hbox (17.34769pt too wide) in paragraph at lines 9--9
[]\OT1/cmr/bx/n/17.28 Tabulacion, or-de-na-mien-to y pro-ce-sa-mien-
 []


Overfull \hbox (7.6306pt too wide) in paragraph at lines 20--20
[]\OT1/cmr/bx/n/12 ITEM| 
 []


Underfull \hbox (badness 10000) in paragraph at lines 20--20
[]\OT1/cmr/bx/n/12 SUB
 []


Overfull \hbox (7.6306pt too wide) in paragraph at lines 20--20
\OT1/cmr/bx/n/12 ITEM| 
 []


Overfull \hbox (77.74057pt too wide) in paragraph at lines 16--51
 [][] 
 []


Overfull \hbox (7.6306pt too wide) in paragraph at lines 65--65
[]\OT1/cmr/bx/n/12 ITEM| 
 []


Underfull \hbox (badness 10000) in paragraph at lines 66--66
[]\OT1/cmr/bx/n/12 SUB
 []


Overfull \hbox (7.6306pt too wide) in paragraph at lines 66--66
\OT1/cmr/bx/n/12 ITEM| 
 []

<desarrollo/resultados/imgs/pregunta-1.jpg, id=284, 543.02875pt x 313.17pt>
File: desarrollo/resultados/imgs/pregunta-1.jpg Graphic file (type jpg)
<use desarrollo/resultados/imgs/pregunta-1.jpg>
Package pdftex.def Info: desarrollo/resultados/imgs/pregunta-1.jpg  used on inp
ut line 106.
(pdftex.def)             Requested size: 272.99881pt x 157.44475pt.
[60


]
LaTeX Info: Redefining \. on input line 108.
LaTeX Info: Redefining \% on input line 108.

Overfull \hbox (88.51508pt too wide) has occurred while \output is active
\OT1/cmr/m/sl/12 10.2.  TABULACI[]ON, ORDENAMIENTO Y PROCESAMIENTO DE LA INFORM
ACI[]ON \OT1/cmr/m/n/12 61
 []

[61]
<desarrollo/resultados/imgs/pregunta-2.jpg, id=291, 480.79625pt x 303.1325pt>
File: desarrollo/resultados/imgs/pregunta-2.jpg Graphic file (type jpg)
<use desarrollo/resultados/imgs/pregunta-2.jpg>
Package pdftex.def Info: desarrollo/resultados/imgs/pregunta-2.jpg  used on inp
ut line 114.
(pdftex.def)             Requested size: 272.99881pt x 172.12126pt.
<desarrollo/resultados/imgs/pregunta-3.jpg, id=292, 515.9275pt x 296.10625pt>
File: desarrollo/resultados/imgs/pregunta-3.jpg Graphic file (type jpg)
<use desarrollo/resultados/imgs/pregunta-3.jpg>
Package pdftex.def Info: desarrollo/resultados/imgs/pregunta-3.jpg  used on inp
ut line 122.
(pdftex.def)             Requested size: 272.99881pt x 156.68706pt.
<desarrollo/resultados/imgs/pregunta-4.jpg, id=293, 446.66875pt x 260.975pt>
File: desarrollo/resultados/imgs/pregunta-4.jpg Graphic file (type jpg)
<use desarrollo/resultados/imgs/pregunta-4.jpg>
Package pdftex.def Info: desarrollo/resultados/imgs/pregunta-4.jpg  used on inp
ut line 130.
(pdftex.def)             Requested size: 272.99881pt x 159.50513pt.
<desarrollo/resultados/imgs/pregunta-5.jpg, id=294, 478.78876pt x 269.005pt>
File: desarrollo/resultados/imgs/pregunta-5.jpg Graphic file (type jpg)
<use desarrollo/resultados/imgs/pregunta-5.jpg>
Package pdftex.def Info: desarrollo/resultados/imgs/pregunta-5.jpg  used on inp
ut line 138.
(pdftex.def)             Requested size: 272.99881pt x 153.38368pt.
<desarrollo/resultados/imgs/pregunta-6.jpg, id=295, 473.77pt x 274.02374pt>
File: desarrollo/resultados/imgs/pregunta-6.jpg Graphic file (type jpg)
<use desarrollo/resultados/imgs/pregunta-6.jpg>
Package pdftex.def Info: desarrollo/resultados/imgs/pregunta-6.jpg  used on inp
ut line 146.
(pdftex.def)             Requested size: 272.99881pt x 157.90529pt.
<desarrollo/resultados/imgs/pregunta-7.jpg, id=296, 531.9875pt x 297.11pt>
File: desarrollo/resultados/imgs/pregunta-7.jpg Graphic file (type jpg)
<use desarrollo/resultados/imgs/pregunta-7.jpg>
Package pdftex.def Info: desarrollo/resultados/imgs/pregunta-7.jpg  used on inp
ut line 154.
(pdftex.def)             Requested size: 272.99881pt x 152.47159pt.
LaTeX Info: Redefining \. on input line 159.
LaTeX Info: Redefining \% on input line 159.

Overfull \hbox (22.7726pt too wide) has occurred while \output is active
\OT1/cmr/m/n/12 62 \OT1/cmr/m/sl/12 CAP[]ITULO 10.  RECOLECCI[]ON Y ORDENAMIENT
O DE INFORMACI[]ON
 []

[62 <./desarrollo/resultados/imgs/pregunta-1.jpg>])
LaTeX Info: Redefining \. on input line 56.
LaTeX Info: Redefining \% on input line 56.
 [63 <./desarrollo/resultados/imgs/pregunta-2.jpg> <./desarrollo/resultados/img
s/pregunta-3.jpg>]
LaTeX Info: Redefining \. on input line 56.
LaTeX Info: Redefining \% on input line 56.

Overfull \hbox (22.7726pt too wide) has occurred while \output is active
\OT1/cmr/m/n/12 64 \OT1/cmr/m/sl/12 CAP[]ITULO 10.  RECOLECCI[]ON Y ORDENAMIENT
O DE INFORMACI[]ON
 []

[64 <./desarrollo/resultados/imgs/pregunta-4.jpg> <./desarrollo/resultados/imgs
/pregunta-5.jpg>]
LaTeX Info: Redefining \. on input line 56.
LaTeX Info: Redefining \% on input line 56.
 [65 <./desarrollo/resultados/imgs/pregunta-6.jpg> <./desarrollo/resultados/img
s/pregunta-7.jpg>]
\openout2 = `desarrollo/analisis/analisis.aux'.

 (desarrollo/analisis/analisis.tex
Cap\'{\i }tulo 11.
[66



])
\openout2 = `desarrollo/resultados/resultados.aux'.

 (desarrollo/resultados/resultados.tex
Cap\'{\i }tulo 12.
[67



]) [68


]
\openout2 = `reflexiones/conclusiones.aux'.

 (reflexiones/conclusiones.tex
Cap\'{\i }tulo 13.
[69


]
LaTeX Info: Redefining \. on input line 7.
LaTeX Info: Redefining \% on input line 7.

Overfull \hbox (139.44888pt too wide) has occurred while \output is active
\OT1/cmr/m/n/12 70 \OT1/cmr/m/sl/12 CAP[]ITULO 13.  CONCLUSIONES-TRABAJOS FUTUR
OS-APORTACIONES-CONTRASTACI[]ON
 []

[70]
LaTeX Info: Redefining \. on input line 10.
LaTeX Info: Redefining \% on input line 10.
 [71]
LaTeX Info: Redefining \. on input line 13.
LaTeX Info: Redefining \% on input line 13.

Overfull \hbox (139.44888pt too wide) has occurred while \output is active
\OT1/cmr/m/n/12 72 \OT1/cmr/m/sl/12 CAP[]ITULO 13.  CONCLUSIONES-TRABAJOS FUTUR
OS-APORTACIONES-CONTRASTACI[]ON
 []

[72])
\openout2 = `reflexiones/anexos.aux'.

 (reflexiones/anexos.tex
("C:\Users\USUARIO\AppData\Local\Programs\MiKTeX 2.9\tex\latex\listings\lstlang
1.sty"
File: lstlang1.sty 2015/06/04 1.6 listings language file
)) [73



] (main.bbl
Underfull \hbox (badness 5637) in paragraph at lines 10--15
[]\OT1/cmr/m/n/12 Edificios y Con-jun-tos.  Asam-blea ge-ne-ral de pro-pie-ta-r
ios en
 []


Underfull \hbox (badness 5607) in paragraph at lines 10--15
\OT1/cmr/m/n/12 edi-fi-cios y con-jun-tos.  $\OT1/cmtt/m/n/12 http : / / edific
iosyconjuntos . com / blog /
 []


Underfull \hbox (badness 10000) in paragraph at lines 17--23
[]\OT1/cmr/m/n/12 Actualce-se.  Ley de pro-pie-dad ho-ri-zon-tal: de-re-
 []


Underfull \hbox (badness 10000) in paragraph at lines 17--23
\OT1/cmr/m/n/12 chos y de-be-res de co-pro-pie-ta-rios y ad-mi-nis-tra-dor.
 []


Underfull \hbox (badness 10000) in paragraph at lines 17--23
\OT1/cmtt/m/n/12 https : / / actualicese . com / actualidad / 2015 / 12 / 14 /
 []


Overfull \hbox (136.71669pt too wide) in paragraph at lines 17--23
\OT1/cmtt/m/n/12 ley-[]de-[]propiedad-[]horizontal-[]derechos-[]y-[]deberes-[]d
e-[]copropietarios-[]y-[]administrador/$\OT1/cmr/m/n/12 .
 []


Underfull \hbox (badness 10000) in paragraph at lines 32--37
\OT1/cmtt/m/n/12 proyectos / abreproy / 11247 / fichero / Memoria % 252F7-[]SOA
P + y + WSDL .
 []

) [74



] (main.aux
LaTeX Info: Redefining \. on input line 6.
LaTeX Info: Redefining \% on input line 6.
 (contexto/proyecto/introduccion.aux)
(contexto/proyecto/proyecto.aux) (arquitectura/organizacion/organizacion.aux)
(arquitectura/adm_lenguaje/adm_lenguaje.aux) (arquitectura/negocio/negocio.aux)
(arquitectura/aplicacion/aplicacion.aux)
(arquitectura/tecnologia/tecnologia.aux)
(arquitectura/motivavion/motivacion.aux) (arquitectura/migracion/migracion.aux)
(arquitectura/diseno/gof.aux) (desarrollo/recoleccion/recoleccion.aux)
(desarrollo/analisis/analisis.aux) (desarrollo/resultados/resultados.aux)
(reflexiones/conclusiones.aux) (reflexiones/anexos.aux))

LaTeX Warning: There were multiply-defined labels.

 ) 
Here is how much of TeX's memory you used:
 4928 strings out of 493303
 85838 string characters out of 3128914
 193095 words of memory out of 3000000
 8196 multiletter control sequences out of 15000+200000
 9924 words of font info for 35 fonts, out of 3000000 for 9000
 1141 hyphenation exceptions out of 8191
 41i,19n,38p,1126b,620s stack positions out of 5000i,500n,10000p,200000b,50000s
<C:/Users/USUARIO/AppData/Local/Programs/MiKTeX 2.9/fonts/type1/public/amsfon
ts/cm/cmbx12.pfb><C:/Users/USUARIO/AppData/Local/Programs/MiKTeX 2.9/fonts/type
1/public/amsfonts/cm/cmcsc10.pfb><C:/Users/USUARIO/AppData/Local/Programs/MiKTe
X 2.9/fonts/type1/public/amsfonts/cm/cmr12.pfb><C:/Users/USUARIO/AppData/Local/
Programs/MiKTeX 2.9/fonts/type1/public/amsfonts/cm/cmr17.pfb><C:/Users/USUARIO/
AppData/Local/Programs/MiKTeX 2.9/fonts/type1/public/amsfonts/cm/cmr8.pfb><C:/U
sers/USUARIO/AppData/Local/Programs/MiKTeX 2.9/fonts/type1/public/amsfonts/cm/c
msl12.pfb><C:/Users/USUARIO/AppData/Local/Programs/MiKTeX 2.9/fonts/type1/publi
c/amsfonts/cm/cmsy10.pfb><C:/Users/USUARIO/AppData/Local/Programs/MiKTeX 2.9/fo
nts/type1/public/amsfonts/cm/cmtt12.pfb>
Output written on main.pdf (82 pages, 1244430 bytes).
PDF statistics:
 368 PDF objects out of 1000 (max. 8388607)
 0 named destinations out of 1000 (max. 500000)
 321 words of extra memory for PDF output out of 10000 (max. 10000000)

